[15-May-2020 03:18:58 UTC] PHP Notice:  wp_register_script was called <strong>incorrectly</strong>. Scripts and styles should not be registered or enqueued until the <code>wp_enqueue_scripts</code>, <code>admin_enqueue_scripts</code>, or <code>login_enqueue_scripts</code> hooks. Please see <a href="https://wordpress.org/support/article/debugging-in-wordpress/">Debugging in WordPress</a> for more information. (This message was added in version 3.3.0.) in C:\xampp\htdocs\new-wordpress\wp-includes\functions.php on line 5167
[15-May-2020 03:18:58 UTC] PHP Notice:  wp_enqueue_script was called <strong>incorrectly</strong>. Scripts and styles should not be registered or enqueued until the <code>wp_enqueue_scripts</code>, <code>admin_enqueue_scripts</code>, or <code>login_enqueue_scripts</code> hooks. Please see <a href="https://wordpress.org/support/article/debugging-in-wordpress/">Debugging in WordPress</a> for more information. (This message was added in version 3.3.0.) in C:\xampp\htdocs\new-wordpress\wp-includes\functions.php on line 5167
[15-May-2020 03:18:59 UTC] PHP Notice:  wp_register_script was called <strong>incorrectly</strong>. Scripts and styles should not be registered or enqueued until the <code>wp_enqueue_scripts</code>, <code>admin_enqueue_scripts</code>, or <code>login_enqueue_scripts</code> hooks. Please see <a href="https://wordpress.org/support/article/debugging-in-wordpress/">Debugging in WordPress</a> for more information. (This message was added in version 3.3.0.) in C:\xampp\htdocs\new-wordpress\wp-includes\functions.php on line 5167
[15-May-2020 03:18:59 UTC] PHP Notice:  wp_enqueue_script was called <strong>incorrectly</strong>. Scripts and styles should not be registered or enqueued until the <code>wp_enqueue_scripts</code>, <code>admin_enqueue_scripts</code>, or <code>login_enqueue_scripts</code> hooks. Please see <a href="https://wordpress.org/support/article/debugging-in-wordpress/">Debugging in WordPress</a> for more information. (This message was added in version 3.3.0.) in C:\xampp\htdocs\new-wordpress\wp-includes\functions.php on line 5167
[15-May-2020 03:25:37 UTC] PHP Notice:  map_meta_cap was called <strong>incorrectly</strong>. The post type product is not registered, so it may not be reliable to check the capability "read_post" against a post of that type. Please see <a href="https://wordpress.org/support/article/debugging-in-wordpress/">Debugging in WordPress</a> for more information. (This message was added in version 4.4.0.) in C:\xampp\htdocs\new-wordpress\wp-includes\functions.php on line 5167
[15-May-2020 03:25:37 UTC] PHP Notice:  map_meta_cap was called <strong>incorrectly</strong>. The post type product is not registered, so it may not be reliable to check the capability "read_post" against a post of that type. Please see <a href="https://wordpress.org/support/article/debugging-in-wordpress/">Debugging in WordPress</a> for more information. (This message was added in version 4.4.0.) in C:\xampp\htdocs\new-wordpress\wp-includes\functions.php on line 5167
[15-May-2020 03:25:37 UTC] PHP Notice:  map_meta_cap was called <strong>incorrectly</strong>. The post type product is not registered, so it may not be reliable to check the capability "read_post" against a post of that type. Please see <a href="https://wordpress.org/support/article/debugging-in-wordpress/">Debugging in WordPress</a> for more information. (This message was added in version 4.4.0.) in C:\xampp\htdocs\new-wordpress\wp-includes\functions.php on line 5167
[15-May-2020 03:25:37 UTC] PHP Notice:  map_meta_cap was called <strong>incorrectly</strong>. The post type product is not registered, so it may not be reliable to check the capability "edit_post" against a post of that type. Please see <a href="https://wordpress.org/support/article/debugging-in-wordpress/">Debugging in WordPress</a> for more information. (This message was added in version 4.4.0.) in C:\xampp\htdocs\new-wordpress\wp-includes\functions.php on line 5167
[15-May-2020 03:25:37 UTC] PHP Notice:  map_meta_cap was called <strong>incorrectly</strong>. The post type product is not registered, so it may not be reliable to check the capability "edit_post" against a post of that type. Please see <a href="https://wordpress.org/support/article/debugging-in-wordpress/">Debugging in WordPress</a> for more information. (This message was added in version 4.4.0.) in C:\xampp\htdocs\new-wordpress\wp-includes\functions.php on line 5167
[15-May-2020 03:25:37 UTC] PHP Notice:  map_meta_cap was called <strong>incorrectly</strong>. The post type product is not registered, so it may not be reliable to check the capability "edit_post" against a post of that type. Please see <a href="https://wordpress.org/support/article/debugging-in-wordpress/">Debugging in WordPress</a> for more information. (This message was added in version 4.4.0.) in C:\xampp\htdocs\new-wordpress\wp-includes\functions.php on line 5167
[15-May-2020 03:54:45 UTC] PHP Notice:  Undefined index: ajax=true in C:\xampp\htdocs\new-wordpress\wp-content\themes\twentytwenty\custom_page.php on line 8
[15-May-2020 03:55:43 UTC] PHP Parse error:  syntax error, unexpected '}' in C:\xampp\htdocs\new-wordpress\wp-content\themes\twentytwenty\custom_page.php on line 11
[15-May-2020 04:09:15 UTC] PHP Parse error:  syntax error, unexpected end of file in C:\xampp\htdocs\new-wordpress\wp-content\themes\twentytwenty\custom_page.php on line 315
[15-May-2020 04:39:02 UTC] PHP Fatal error:  Maximum execution time of 120 seconds exceeded in C:\xampp\htdocs\new-wordpress\wp-includes\cache.php on line 126
[15-May-2020 04:39:15 UTC] PHP Fatal error:  Maximum execution time of 120 seconds exceeded in C:\xampp\htdocs\new-wordpress\wp-includes\nav-menu.php on line 238
[15-May-2020 04:39:33 UTC] PHP Fatal error:  Maximum execution time of 120 seconds exceeded in C:\xampp\htdocs\new-wordpress\wp-includes\formatting.php on line 251
[15-May-2020 04:47:42 UTC] PHP Notice:  Undefined index: lc in C:\xampp\htdocs\new-wordpress\wp-content\themes\twentytwenty\custom_page.php on line 10
[15-May-2020 04:47:42 UTC] PHP Notice:  Undefined index: prc in C:\xampp\htdocs\new-wordpress\wp-content\themes\twentytwenty\custom_page.php on line 11
[15-May-2020 04:47:42 UTC] PHP Notice:  Undefined index: nbh in C:\xampp\htdocs\new-wordpress\wp-content\themes\twentytwenty\custom_page.php on line 12
[15-May-2020 04:54:45 UTC] PHP Parse error:  syntax error, unexpected 'NOT' (T_STRING) in C:\xampp\htdocs\new-wordpress\wp-content\themes\twentytwenty\custom_page.php on line 62
[15-May-2020 05:18:22 UTC] PHP Parse error:  syntax error, unexpected 'while' (T_WHILE), expecting ';' or ',' in C:\xampp\htdocs\new-wordpress\wp-content\themes\twentytwenty\custom_page.php on line 43
[15-May-2020 05:19:09 UTC] PHP Parse error:  syntax error, unexpected 'wp_reset_postdata' (T_STRING) in C:\xampp\htdocs\new-wordpress\wp-content\themes\twentytwenty\custom_page.php on line 53
[15-May-2020 07:13:47 UTC] PHP Parse error:  syntax error, unexpected '}' in C:\xampp\htdocs\new-wordpress\wp-content\themes\twentytwenty\custom_page.php on line 57
[15-May-2020 11:45:40 UTC] PHP Parse error:  syntax error, unexpected ''relation'' (T_CONSTANT_ENCAPSED_STRING), expecting ')' in C:\xampp\htdocs\new-wordpress\wp-content\themes\twentytwenty\custom_page.php on line 34
[15-May-2020 12:04:35 UTC] PHP Warning:  call_user_func() expects parameter 1 to be a valid callback, function 'cd_meta_box_cb' not found or invalid function name in C:\xampp\htdocs\new-wordpress\wp-admin\includes\template.php on line 1345
[15-May-2020 12:06:20 UTC] PHP Warning:  call_user_func() expects parameter 1 to be a valid callback, function 'cd_meta_box_cb' not found or invalid function name in C:\xampp\htdocs\new-wordpress\wp-admin\includes\template.php on line 1345
[16-May-2020 04:39:02 UTC] PHP Notice:  map_meta_cap was called <strong>incorrectly</strong>. The post type product is not registered, so it may not be reliable to check the capability "read_post" against a post of that type. Please see <a href="https://wordpress.org/support/article/debugging-in-wordpress/">Debugging in WordPress</a> for more information. (This message was added in version 4.4.0.) in C:\xampp\htdocs\new-wordpress\wp-includes\functions.php on line 5167
[16-May-2020 04:39:02 UTC] PHP Notice:  map_meta_cap was called <strong>incorrectly</strong>. The post type product is not registered, so it may not be reliable to check the capability "read_post" against a post of that type. Please see <a href="https://wordpress.org/support/article/debugging-in-wordpress/">Debugging in WordPress</a> for more information. (This message was added in version 4.4.0.) in C:\xampp\htdocs\new-wordpress\wp-includes\functions.php on line 5167
[16-May-2020 04:39:02 UTC] PHP Notice:  map_meta_cap was called <strong>incorrectly</strong>. The post type product is not registered, so it may not be reliable to check the capability "read_post" against a post of that type. Please see <a href="https://wordpress.org/support/article/debugging-in-wordpress/">Debugging in WordPress</a> for more information. (This message was added in version 4.4.0.) in C:\xampp\htdocs\new-wordpress\wp-includes\functions.php on line 5167
[16-May-2020 04:39:02 UTC] PHP Notice:  map_meta_cap was called <strong>incorrectly</strong>. The post type product is not registered, so it may not be reliable to check the capability "edit_post" against a post of that type. Please see <a href="https://wordpress.org/support/article/debugging-in-wordpress/">Debugging in WordPress</a> for more information. (This message was added in version 4.4.0.) in C:\xampp\htdocs\new-wordpress\wp-includes\functions.php on line 5167
[16-May-2020 04:39:02 UTC] PHP Notice:  map_meta_cap was called <strong>incorrectly</strong>. The post type product is not registered, so it may not be reliable to check the capability "edit_post" against a post of that type. Please see <a href="https://wordpress.org/support/article/debugging-in-wordpress/">Debugging in WordPress</a> for more information. (This message was added in version 4.4.0.) in C:\xampp\htdocs\new-wordpress\wp-includes\functions.php on line 5167
[16-May-2020 04:39:02 UTC] PHP Notice:  map_meta_cap was called <strong>incorrectly</strong>. The post type product is not registered, so it may not be reliable to check the capability "edit_post" against a post of that type. Please see <a href="https://wordpress.org/support/article/debugging-in-wordpress/">Debugging in WordPress</a> for more information. (This message was added in version 4.4.0.) in C:\xampp\htdocs\new-wordpress\wp-includes\functions.php on line 5167
[16-May-2020 04:48:23 UTC] PHP Fatal error:  Cannot redeclare my_meta_boxes() (previously declared in C:\xampp\htdocs\new-wordpress\wp-content\themes\twentytwenty\functions.php:868) in C:\xampp\htdocs\new-wordpress\wp-content\themes\twentytwenty\functions.php on line 880
[16-May-2020 04:48:23 UTC] PHP Notice:  Trying to access array offset on value of type bool in C:\xampp\htdocs\new-wordpress\wp-includes\class-wp-recovery-mode-email-service.php on line 339
[16-May-2020 04:48:23 UTC] PHP Notice:  Trying to access array offset on value of type bool in C:\xampp\htdocs\new-wordpress\wp-includes\class-wp-recovery-mode-email-service.php on line 340
[16-May-2020 04:48:26 UTC] PHP Fatal error:  Cannot redeclare my_meta_boxes() (previously declared in C:\xampp\htdocs\new-wordpress\wp-content\themes\twentytwenty\functions.php:868) in C:\xampp\htdocs\new-wordpress\wp-content\themes\twentytwenty\functions.php on line 880
[16-May-2020 04:48:35 UTC] PHP Fatal error:  Cannot redeclare my_meta_boxes() (previously declared in C:\xampp\htdocs\new-wordpress\wp-content\themes\twentytwenty\functions.php:868) in C:\xampp\htdocs\new-wordpress\wp-content\themes\twentytwenty\functions.php on line 880
[16-May-2020 04:48:41 UTC] PHP Fatal error:  Cannot redeclare my_meta_boxes() (previously declared in C:\xampp\htdocs\new-wordpress\wp-content\themes\twentytwenty\functions.php:868) in C:\xampp\htdocs\new-wordpress\wp-content\themes\twentytwenty\functions.php on line 880
[16-May-2020 05:20:17 UTC] PHP Parse error:  syntax error, unexpected 'www' (T_STRING), expecting ')' in C:\xampp\htdocs\new-wordpress\wp-content\themes\twentytwenty\custom_page.php on line 50
[16-May-2020 05:20:28 UTC] PHP Parse error:  syntax error, unexpected 'google' (T_STRING), expecting ')' in C:\xampp\htdocs\new-wordpress\wp-content\themes\twentytwenty\custom_page.php on line 50
[16-May-2020 06:51:03 UTC] PHP Parse error:  syntax error, unexpected 'wp_nonce_field' (T_STRING), expecting '{' in C:\xampp\htdocs\new-wordpress\wp-content\themes\twentytwenty\functions.php on line 853
[16-May-2020 06:51:04 UTC] PHP Parse error:  syntax error, unexpected 'wp_nonce_field' (T_STRING), expecting '{' in C:\xampp\htdocs\new-wordpress\wp-content\themes\twentytwenty\functions.php on line 853
[16-May-2020 06:51:05 UTC] PHP Parse error:  syntax error, unexpected 'wp_nonce_field' (T_STRING), expecting '{' in C:\xampp\htdocs\new-wordpress\wp-content\themes\twentytwenty\functions.php on line 853
[16-May-2020 07:27:11 UTC] PHP Parse error:  syntax error, unexpected 'wp_nonce_field' (T_STRING), expecting '{' in C:\xampp\htdocs\new-wordpress\wp-content\themes\twentytwenty\functions.php on line 853
[16-May-2020 07:27:13 UTC] PHP Parse error:  syntax error, unexpected 'wp_nonce_field' (T_STRING), expecting '{' in C:\xampp\htdocs\new-wordpress\wp-content\themes\twentytwenty\functions.php on line 853
[16-May-2020 07:27:13 UTC] PHP Parse error:  syntax error, unexpected 'wp_nonce_field' (T_STRING), expecting '{' in C:\xampp\htdocs\new-wordpress\wp-content\themes\twentytwenty\functions.php on line 853
[16-May-2020 11:59:06 UTC] PHP Notice:  Undefined variable: post in C:\xampp\htdocs\new-wordpress\wp-content\themes\twentytwenty\functions.php on line 863
[16-May-2020 11:59:06 UTC] PHP Notice:  Trying to get property 'ID' of non-object in C:\xampp\htdocs\new-wordpress\wp-content\themes\twentytwenty\functions.php on line 863
[16-May-2020 12:01:33 UTC] PHP Notice:  Undefined variable: post in C:\xampp\htdocs\new-wordpress\wp-content\themes\twentytwenty\functions.php on line 863
[16-May-2020 12:01:33 UTC] PHP Notice:  Trying to get property 'ID' of non-object in C:\xampp\htdocs\new-wordpress\wp-content\themes\twentytwenty\functions.php on line 863
[16-May-2020 12:03:54 UTC] PHP Notice:  Undefined variable: post in C:\xampp\htdocs\new-wordpress\wp-content\themes\twentytwenty\functions.php on line 863
[16-May-2020 12:03:54 UTC] PHP Notice:  Trying to get property 'ID' of non-object in C:\xampp\htdocs\new-wordpress\wp-content\themes\twentytwenty\functions.php on line 863
[16-May-2020 12:05:34 UTC] PHP Notice:  Undefined variable: post in C:\xampp\htdocs\new-wordpress\wp-content\themes\twentytwenty\functions.php on line 863
[16-May-2020 12:05:34 UTC] PHP Notice:  Trying to get property 'ID' of non-object in C:\xampp\htdocs\new-wordpress\wp-content\themes\twentytwenty\functions.php on line 863
[16-May-2020 12:05:56 UTC] PHP Notice:  Undefined variable: post in C:\xampp\htdocs\new-wordpress\wp-content\themes\twentytwenty\functions.php on line 863
[16-May-2020 12:05:56 UTC] PHP Notice:  Trying to get property 'ID' of non-object in C:\xampp\htdocs\new-wordpress\wp-content\themes\twentytwenty\functions.php on line 863
[16-May-2020 12:07:44 UTC] PHP Notice:  Undefined variable: post in C:\xampp\htdocs\new-wordpress\wp-content\themes\twentytwenty\functions.php on line 863
[16-May-2020 12:07:44 UTC] PHP Notice:  Trying to get property 'ID' of non-object in C:\xampp\htdocs\new-wordpress\wp-content\themes\twentytwenty\functions.php on line 863
[16-May-2020 12:08:36 UTC] PHP Notice:  Undefined variable: post in C:\xampp\htdocs\new-wordpress\wp-content\themes\twentytwenty\functions.php on line 863
[16-May-2020 12:08:36 UTC] PHP Notice:  Trying to get property 'ID' of non-object in C:\xampp\htdocs\new-wordpress\wp-content\themes\twentytwenty\functions.php on line 863
[16-May-2020 12:10:10 UTC] PHP Notice:  Undefined variable: post in C:\xampp\htdocs\new-wordpress\wp-content\themes\twentytwenty\functions.php on line 863
[16-May-2020 12:10:10 UTC] PHP Notice:  Trying to get property 'ID' of non-object in C:\xampp\htdocs\new-wordpress\wp-content\themes\twentytwenty\functions.php on line 863
[16-May-2020 12:10:40 UTC] PHP Notice:  Undefined variable: post in C:\xampp\htdocs\new-wordpress\wp-content\themes\twentytwenty\functions.php on line 863
[16-May-2020 12:10:40 UTC] PHP Notice:  Trying to get property 'ID' of non-object in C:\xampp\htdocs\new-wordpress\wp-content\themes\twentytwenty\functions.php on line 863
[16-May-2020 12:12:17 UTC] PHP Notice:  Undefined variable: post in C:\xampp\htdocs\new-wordpress\wp-content\themes\twentytwenty\functions.php on line 863
[16-May-2020 12:12:17 UTC] PHP Notice:  Trying to get property 'ID' of non-object in C:\xampp\htdocs\new-wordpress\wp-content\themes\twentytwenty\functions.php on line 863
[16-May-2020 12:14:01 UTC] PHP Notice:  Undefined variable: post in C:\xampp\htdocs\new-wordpress\wp-content\themes\twentytwenty\functions.php on line 863
[16-May-2020 12:14:01 UTC] PHP Notice:  Trying to get property 'ID' of non-object in C:\xampp\htdocs\new-wordpress\wp-content\themes\twentytwenty\functions.php on line 863
[16-May-2020 12:14:15 UTC] PHP Notice:  Undefined variable: post in C:\xampp\htdocs\new-wordpress\wp-content\themes\twentytwenty\functions.php on line 863
[16-May-2020 12:14:15 UTC] PHP Notice:  Trying to get property 'ID' of non-object in C:\xampp\htdocs\new-wordpress\wp-content\themes\twentytwenty\functions.php on line 863
[16-May-2020 12:15:24 UTC] PHP Notice:  Undefined variable: post in C:\xampp\htdocs\new-wordpress\wp-content\themes\twentytwenty\functions.php on line 863
[16-May-2020 12:15:24 UTC] PHP Notice:  Trying to get property 'slug' of non-object in C:\xampp\htdocs\new-wordpress\wp-content\themes\twentytwenty\functions.php on line 863
[16-May-2020 12:17:33 UTC] PHP Notice:  Undefined variable: post_id in C:\xampp\htdocs\new-wordpress\wp-content\themes\twentytwenty\functions.php on line 863
[16-May-2020 12:17:33 UTC] PHP Notice:  Trying to get property 'ID' of non-object in C:\xampp\htdocs\new-wordpress\wp-content\themes\twentytwenty\functions.php on line 863
[16-May-2020 12:17:55 UTC] PHP Notice:  Undefined variable: post_id in C:\xampp\htdocs\new-wordpress\wp-content\themes\twentytwenty\functions.php on line 863
[16-May-2020 12:17:55 UTC] PHP Notice:  Trying to get property 'ID' of non-object in C:\xampp\htdocs\new-wordpress\wp-content\themes\twentytwenty\functions.php on line 863
[16-May-2020 12:18:49 UTC] PHP Notice:  Undefined variable: url in C:\xampp\htdocs\new-wordpress\wp-content\themes\twentytwenty\functions.php on line 863
[16-May-2020 12:19:12 UTC] PHP Notice:  Undefined variable: url in C:\xampp\htdocs\new-wordpress\wp-content\themes\twentytwenty\functions.php on line 863
[16-May-2020 12:19:25 UTC] PHP Notice:  Undefined variable: url in C:\xampp\htdocs\new-wordpress\wp-content\themes\twentytwenty\functions.php on line 863
[16-May-2020 12:26:19 UTC] PHP Notice:  Undefined variable: url in C:\xampp\htdocs\new-wordpress\wp-content\themes\twentytwenty\functions.php on line 863
[16-May-2020 12:26:48 UTC] PHP Notice:  Undefined variable: url in C:\xampp\htdocs\new-wordpress\wp-content\themes\twentytwenty\functions.php on line 863
[16-May-2020 12:27:24 UTC] PHP Notice:  Undefined variable: url in C:\xampp\htdocs\new-wordpress\wp-content\themes\twentytwenty\functions.php on line 863
[16-May-2020 12:30:32 UTC] PHP Notice:  Undefined variable: post_id in C:\xampp\htdocs\new-wordpress\wp-content\themes\twentytwenty\functions.php on line 874
[18-May-2020 06:04:22 UTC] PHP Notice:  map_meta_cap was called <strong>incorrectly</strong>. The post type product is not registered, so it may not be reliable to check the capability "read_post" against a post of that type. Please see <a href="https://wordpress.org/support/article/debugging-in-wordpress/">Debugging in WordPress</a> for more information. (This message was added in version 4.4.0.) in C:\xampp\htdocs\new-wordpress\wp-includes\functions.php on line 5167
[18-May-2020 06:04:22 UTC] PHP Notice:  map_meta_cap was called <strong>incorrectly</strong>. The post type product is not registered, so it may not be reliable to check the capability "read_post" against a post of that type. Please see <a href="https://wordpress.org/support/article/debugging-in-wordpress/">Debugging in WordPress</a> for more information. (This message was added in version 4.4.0.) in C:\xampp\htdocs\new-wordpress\wp-includes\functions.php on line 5167
[18-May-2020 06:04:22 UTC] PHP Notice:  map_meta_cap was called <strong>incorrectly</strong>. The post type product is not registered, so it may not be reliable to check the capability "read_post" against a post of that type. Please see <a href="https://wordpress.org/support/article/debugging-in-wordpress/">Debugging in WordPress</a> for more information. (This message was added in version 4.4.0.) in C:\xampp\htdocs\new-wordpress\wp-includes\functions.php on line 5167
[18-May-2020 06:04:22 UTC] PHP Notice:  map_meta_cap was called <strong>incorrectly</strong>. The post type product is not registered, so it may not be reliable to check the capability "edit_post" against a post of that type. Please see <a href="https://wordpress.org/support/article/debugging-in-wordpress/">Debugging in WordPress</a> for more information. (This message was added in version 4.4.0.) in C:\xampp\htdocs\new-wordpress\wp-includes\functions.php on line 5167
[18-May-2020 06:04:22 UTC] PHP Notice:  map_meta_cap was called <strong>incorrectly</strong>. The post type product is not registered, so it may not be reliable to check the capability "edit_post" against a post of that type. Please see <a href="https://wordpress.org/support/article/debugging-in-wordpress/">Debugging in WordPress</a> for more information. (This message was added in version 4.4.0.) in C:\xampp\htdocs\new-wordpress\wp-includes\functions.php on line 5167
[18-May-2020 06:04:22 UTC] PHP Notice:  map_meta_cap was called <strong>incorrectly</strong>. The post type product is not registered, so it may not be reliable to check the capability "edit_post" against a post of that type. Please see <a href="https://wordpress.org/support/article/debugging-in-wordpress/">Debugging in WordPress</a> for more information. (This message was added in version 4.4.0.) in C:\xampp\htdocs\new-wordpress\wp-includes\functions.php on line 5167
[18-May-2020 06:05:26 UTC] PHP Notice:  map_meta_cap was called <strong>incorrectly</strong>. The post type product is not registered, so it may not be reliable to check the capability "read_post" against a post of that type. Please see <a href="https://wordpress.org/support/article/debugging-in-wordpress/">Debugging in WordPress</a> for more information. (This message was added in version 4.4.0.) in C:\xampp\htdocs\new-wordpress\wp-includes\functions.php on line 5167
[18-May-2020 06:05:26 UTC] PHP Notice:  map_meta_cap was called <strong>incorrectly</strong>. The post type product is not registered, so it may not be reliable to check the capability "read_post" against a post of that type. Please see <a href="https://wordpress.org/support/article/debugging-in-wordpress/">Debugging in WordPress</a> for more information. (This message was added in version 4.4.0.) in C:\xampp\htdocs\new-wordpress\wp-includes\functions.php on line 5167
[18-May-2020 06:05:26 UTC] PHP Notice:  map_meta_cap was called <strong>incorrectly</strong>. The post type product is not registered, so it may not be reliable to check the capability "read_post" against a post of that type. Please see <a href="https://wordpress.org/support/article/debugging-in-wordpress/">Debugging in WordPress</a> for more information. (This message was added in version 4.4.0.) in C:\xampp\htdocs\new-wordpress\wp-includes\functions.php on line 5167
[18-May-2020 06:05:26 UTC] PHP Notice:  map_meta_cap was called <strong>incorrectly</strong>. The post type product is not registered, so it may not be reliable to check the capability "edit_post" against a post of that type. Please see <a href="https://wordpress.org/support/article/debugging-in-wordpress/">Debugging in WordPress</a> for more information. (This message was added in version 4.4.0.) in C:\xampp\htdocs\new-wordpress\wp-includes\functions.php on line 5167
[18-May-2020 06:05:26 UTC] PHP Notice:  map_meta_cap was called <strong>incorrectly</strong>. The post type product is not registered, so it may not be reliable to check the capability "edit_post" against a post of that type. Please see <a href="https://wordpress.org/support/article/debugging-in-wordpress/">Debugging in WordPress</a> for more information. (This message was added in version 4.4.0.) in C:\xampp\htdocs\new-wordpress\wp-includes\functions.php on line 5167
[18-May-2020 06:05:26 UTC] PHP Notice:  map_meta_cap was called <strong>incorrectly</strong>. The post type product is not registered, so it may not be reliable to check the capability "edit_post" against a post of that type. Please see <a href="https://wordpress.org/support/article/debugging-in-wordpress/">Debugging in WordPress</a> for more information. (This message was added in version 4.4.0.) in C:\xampp\htdocs\new-wordpress\wp-includes\functions.php on line 5167
[20-May-2020 04:22:22 UTC] PHP Notice:  map_meta_cap was called <strong>incorrectly</strong>. The post type product is not registered, so it may not be reliable to check the capability "read_post" against a post of that type. Please see <a href="https://wordpress.org/support/article/debugging-in-wordpress/">Debugging in WordPress</a> for more information. (This message was added in version 4.4.0.) in C:\xampp\htdocs\new-wordpress\wp-includes\functions.php on line 5167
[20-May-2020 04:22:22 UTC] PHP Notice:  map_meta_cap was called <strong>incorrectly</strong>. The post type product is not registered, so it may not be reliable to check the capability "read_post" against a post of that type. Please see <a href="https://wordpress.org/support/article/debugging-in-wordpress/">Debugging in WordPress</a> for more information. (This message was added in version 4.4.0.) in C:\xampp\htdocs\new-wordpress\wp-includes\functions.php on line 5167
[20-May-2020 04:22:22 UTC] PHP Notice:  map_meta_cap was called <strong>incorrectly</strong>. The post type product is not registered, so it may not be reliable to check the capability "read_post" against a post of that type. Please see <a href="https://wordpress.org/support/article/debugging-in-wordpress/">Debugging in WordPress</a> for more information. (This message was added in version 4.4.0.) in C:\xampp\htdocs\new-wordpress\wp-includes\functions.php on line 5167
[20-May-2020 04:22:22 UTC] PHP Notice:  map_meta_cap was called <strong>incorrectly</strong>. The post type product is not registered, so it may not be reliable to check the capability "edit_post" against a post of that type. Please see <a href="https://wordpress.org/support/article/debugging-in-wordpress/">Debugging in WordPress</a> for more information. (This message was added in version 4.4.0.) in C:\xampp\htdocs\new-wordpress\wp-includes\functions.php on line 5167
[20-May-2020 04:22:22 UTC] PHP Notice:  map_meta_cap was called <strong>incorrectly</strong>. The post type product is not registered, so it may not be reliable to check the capability "edit_post" against a post of that type. Please see <a href="https://wordpress.org/support/article/debugging-in-wordpress/">Debugging in WordPress</a> for more information. (This message was added in version 4.4.0.) in C:\xampp\htdocs\new-wordpress\wp-includes\functions.php on line 5167
[20-May-2020 04:22:22 UTC] PHP Notice:  map_meta_cap was called <strong>incorrectly</strong>. The post type product is not registered, so it may not be reliable to check the capability "edit_post" against a post of that type. Please see <a href="https://wordpress.org/support/article/debugging-in-wordpress/">Debugging in WordPress</a> for more information. (This message was added in version 4.4.0.) in C:\xampp\htdocs\new-wordpress\wp-includes\functions.php on line 5167
[20-May-2020 04:33:42 UTC] PHP Warning:  An unexpected error occurred. Something may be wrong with WordPress.org or this server&#8217;s configuration. If you continue to have problems, please try the <a href="https://wordpress.org/support/forums/">support forums</a>. (WordPress could not establish a secure connection to WordPress.org. Please contact your server administrator.) in C:\xampp\htdocs\new-wordpress\wp-includes\update.php on line 162
