2020-04-29T04:27:03+00:00 CRITICAL require_once(): Failed opening required 'C:\xampp\htdocs\new-wordpress/wp-includes/customize/class-wp-customize-filter-setting.php' (include_path='C:\xampp\php\PEAR') in C:\xampp\htdocs\new-wordpress\wp-includes\class-wp-customize-setting.php on line 947

2020-04-29T04:29:40+00:00 CRITICAL require_once(): Failed opening required 'C:\xampp\htdocs\new-wordpress/wp-includes/customize/class-wp-customize-filter-setting.php' (include_path='C:\xampp\php\PEAR') in C:\xampp\htdocs\new-wordpress\wp-includes\class-wp-customize-setting.php on line 947

2020-04-29T05:42:06+00:00 CRITICAL Uncaught Error: Call to a member function is_type() on null in C:\xampp\htdocs\new-wordpress\wp-content\themes\storecommerce\inc\woocommerce.php:667
Stack trace:
#0 C:\xampp\htdocs\new-wordpress\wp-includes\class-wp-hook.php(287): storecommerce_add_to_cart_text('Add to cart', Object(WC_Product_Simple))
#1 C:\xampp\htdocs\new-wordpress\wp-includes\plugin.php(206): WP_Hook->apply_filters('Add to cart', Array)
#2 C:\xampp\htdocs\new-wordpress\wp-content\plugins\woocommerce\includes\class-wc-product-simple.php(62): apply_filters('woocommerce_pro...', 'Add to cart', Object(WC_Product_Simple))
#3 C:\xampp\htdocs\new-wordpress\wp-content\plugins\woocommerce\packages\woocommerce-blocks\src\BlockTypes\AbstractProductGrid.php(473): WC_Product_Simple->add_to_cart_text()
#4 C:\xampp\htdocs\new-wordpress\wp-content\plugins\woocommerce\packages\woocommerce-blocks\src\BlockTypes\AbstractProductGrid.php(446): Automattic\WooCommerce\Blocks\BlockTypes\AbstractProductGrid->get_add_to_cart(Object(WC_Product_Simple))
#5 C:\xampp\ in C:\xampp\htdocs\new-wordpress\wp-content\themes\storecommerce\inc\woocommerce.php on line 667

2020-04-29T05:43:00+00:00 CRITICAL Uncaught Error: Call to a member function is_type() on null in C:\xampp\htdocs\new-wordpress\wp-content\themes\storecommerce\inc\woocommerce.php:667
Stack trace:
#0 C:\xampp\htdocs\new-wordpress\wp-includes\class-wp-hook.php(287): storecommerce_add_to_cart_text('Add to cart', Object(WC_Product_Simple))
#1 C:\xampp\htdocs\new-wordpress\wp-includes\plugin.php(206): WP_Hook->apply_filters('Add to cart', Array)
#2 C:\xampp\htdocs\new-wordpress\wp-content\plugins\woocommerce\includes\class-wc-product-simple.php(62): apply_filters('woocommerce_pro...', 'Add to cart', Object(WC_Product_Simple))
#3 C:\xampp\htdocs\new-wordpress\wp-content\plugins\woocommerce\packages\woocommerce-blocks\src\BlockTypes\AbstractProductGrid.php(473): WC_Product_Simple->add_to_cart_text()
#4 C:\xampp\htdocs\new-wordpress\wp-content\plugins\woocommerce\packages\woocommerce-blocks\src\BlockTypes\AbstractProductGrid.php(446): Automattic\WooCommerce\Blocks\BlockTypes\AbstractProductGrid->get_add_to_cart(Object(WC_Product_Simple))
#5 C:\xampp\ in C:\xampp\htdocs\new-wordpress\wp-content\themes\storecommerce\inc\woocommerce.php on line 667

2020-04-29T05:44:17+00:00 CRITICAL Uncaught Error: Call to a member function is_type() on null in C:\xampp\htdocs\new-wordpress\wp-content\themes\storecommerce\inc\woocommerce.php:667
Stack trace:
#0 C:\xampp\htdocs\new-wordpress\wp-includes\class-wp-hook.php(287): storecommerce_add_to_cart_text('Add to cart', Object(WC_Product_Simple))
#1 C:\xampp\htdocs\new-wordpress\wp-includes\plugin.php(206): WP_Hook->apply_filters('Add to cart', Array)
#2 C:\xampp\htdocs\new-wordpress\wp-content\plugins\woocommerce\includes\class-wc-product-simple.php(62): apply_filters('woocommerce_pro...', 'Add to cart', Object(WC_Product_Simple))
#3 C:\xampp\htdocs\new-wordpress\wp-content\plugins\woocommerce\packages\woocommerce-blocks\src\BlockTypes\AbstractProductGrid.php(473): WC_Product_Simple->add_to_cart_text()
#4 C:\xampp\htdocs\new-wordpress\wp-content\plugins\woocommerce\packages\woocommerce-blocks\src\BlockTypes\AbstractProductGrid.php(446): Automattic\WooCommerce\Blocks\BlockTypes\AbstractProductGrid->get_add_to_cart(Object(WC_Product_Simple))
#5 C:\xampp\ in C:\xampp\htdocs\new-wordpress\wp-content\themes\storecommerce\inc\woocommerce.php on line 667

2020-04-29T05:44:47+00:00 CRITICAL Uncaught Error: Call to a member function is_type() on null in C:\xampp\htdocs\new-wordpress\wp-content\themes\storecommerce\inc\woocommerce.php:667
Stack trace:
#0 C:\xampp\htdocs\new-wordpress\wp-includes\class-wp-hook.php(287): storecommerce_add_to_cart_text('Add to cart', Object(WC_Product_Simple))
#1 C:\xampp\htdocs\new-wordpress\wp-includes\plugin.php(206): WP_Hook->apply_filters('Add to cart', Array)
#2 C:\xampp\htdocs\new-wordpress\wp-content\plugins\woocommerce\includes\class-wc-product-simple.php(62): apply_filters('woocommerce_pro...', 'Add to cart', Object(WC_Product_Simple))
#3 C:\xampp\htdocs\new-wordpress\wp-content\plugins\woocommerce\packages\woocommerce-blocks\src\BlockTypes\AbstractProductGrid.php(473): WC_Product_Simple->add_to_cart_text()
#4 C:\xampp\htdocs\new-wordpress\wp-content\plugins\woocommerce\packages\woocommerce-blocks\src\BlockTypes\AbstractProductGrid.php(446): Automattic\WooCommerce\Blocks\BlockTypes\AbstractProductGrid->get_add_to_cart(Object(WC_Product_Simple))
#5 C:\xampp\ in C:\xampp\htdocs\new-wordpress\wp-content\themes\storecommerce\inc\woocommerce.php on line 667

2020-04-29T05:45:28+00:00 CRITICAL Uncaught Error: Call to a member function is_type() on null in C:\xampp\htdocs\new-wordpress\wp-content\themes\storecommerce\inc\woocommerce.php:667
Stack trace:
#0 C:\xampp\htdocs\new-wordpress\wp-includes\class-wp-hook.php(287): storecommerce_add_to_cart_text('Add to cart', Object(WC_Product_Simple))
#1 C:\xampp\htdocs\new-wordpress\wp-includes\plugin.php(206): WP_Hook->apply_filters('Add to cart', Array)
#2 C:\xampp\htdocs\new-wordpress\wp-content\plugins\woocommerce\includes\class-wc-product-simple.php(62): apply_filters('woocommerce_pro...', 'Add to cart', Object(WC_Product_Simple))
#3 C:\xampp\htdocs\new-wordpress\wp-content\plugins\woocommerce\packages\woocommerce-blocks\src\BlockTypes\AbstractProductGrid.php(473): WC_Product_Simple->add_to_cart_text()
#4 C:\xampp\htdocs\new-wordpress\wp-content\plugins\woocommerce\packages\woocommerce-blocks\src\BlockTypes\AbstractProductGrid.php(446): Automattic\WooCommerce\Blocks\BlockTypes\AbstractProductGrid->get_add_to_cart(Object(WC_Product_Simple))
#5 C:\xampp\ in C:\xampp\htdocs\new-wordpress\wp-content\themes\storecommerce\inc\woocommerce.php on line 667

2020-04-29T05:46:00+00:00 CRITICAL Uncaught Error: Call to a member function is_type() on null in C:\xampp\htdocs\new-wordpress\wp-content\themes\storecommerce\inc\woocommerce.php:667
Stack trace:
#0 C:\xampp\htdocs\new-wordpress\wp-includes\class-wp-hook.php(287): storecommerce_add_to_cart_text('Add to cart', Object(WC_Product_Simple))
#1 C:\xampp\htdocs\new-wordpress\wp-includes\plugin.php(206): WP_Hook->apply_filters('Add to cart', Array)
#2 C:\xampp\htdocs\new-wordpress\wp-content\plugins\woocommerce\includes\class-wc-product-simple.php(62): apply_filters('woocommerce_pro...', 'Add to cart', Object(WC_Product_Simple))
#3 C:\xampp\htdocs\new-wordpress\wp-content\plugins\woocommerce\packages\woocommerce-blocks\src\BlockTypes\AbstractProductGrid.php(473): WC_Product_Simple->add_to_cart_text()
#4 C:\xampp\htdocs\new-wordpress\wp-content\plugins\woocommerce\packages\woocommerce-blocks\src\BlockTypes\AbstractProductGrid.php(446): Automattic\WooCommerce\Blocks\BlockTypes\AbstractProductGrid->get_add_to_cart(Object(WC_Product_Simple))
#5 C:\xampp\ in C:\xampp\htdocs\new-wordpress\wp-content\themes\storecommerce\inc\woocommerce.php on line 667

2020-04-29T05:47:39+00:00 CRITICAL Uncaught Error: Call to a member function is_type() on null in C:\xampp\htdocs\new-wordpress\wp-content\themes\storecommerce\inc\woocommerce.php:667
Stack trace:
#0 C:\xampp\htdocs\new-wordpress\wp-includes\class-wp-hook.php(287): storecommerce_add_to_cart_text('Add to cart', Object(WC_Product_Simple))
#1 C:\xampp\htdocs\new-wordpress\wp-includes\plugin.php(206): WP_Hook->apply_filters('Add to cart', Array)
#2 C:\xampp\htdocs\new-wordpress\wp-content\plugins\woocommerce\includes\class-wc-product-simple.php(62): apply_filters('woocommerce_pro...', 'Add to cart', Object(WC_Product_Simple))
#3 C:\xampp\htdocs\new-wordpress\wp-content\plugins\woocommerce\packages\woocommerce-blocks\src\BlockTypes\AbstractProductGrid.php(473): WC_Product_Simple->add_to_cart_text()
#4 C:\xampp\htdocs\new-wordpress\wp-content\plugins\woocommerce\packages\woocommerce-blocks\src\BlockTypes\AbstractProductGrid.php(446): Automattic\WooCommerce\Blocks\BlockTypes\AbstractProductGrid->get_add_to_cart(Object(WC_Product_Simple))
#5 C:\xampp\ in C:\xampp\htdocs\new-wordpress\wp-content\themes\storecommerce\inc\woocommerce.php on line 667

2020-04-29T05:47:45+00:00 CRITICAL Uncaught Error: Call to a member function is_type() on null in C:\xampp\htdocs\new-wordpress\wp-content\themes\storecommerce\inc\woocommerce.php:667
Stack trace:
#0 C:\xampp\htdocs\new-wordpress\wp-includes\class-wp-hook.php(287): storecommerce_add_to_cart_text('Add to cart', Object(WC_Product_Simple))
#1 C:\xampp\htdocs\new-wordpress\wp-includes\plugin.php(206): WP_Hook->apply_filters('Add to cart', Array)
#2 C:\xampp\htdocs\new-wordpress\wp-content\plugins\woocommerce\includes\class-wc-product-simple.php(62): apply_filters('woocommerce_pro...', 'Add to cart', Object(WC_Product_Simple))
#3 C:\xampp\htdocs\new-wordpress\wp-content\plugins\woocommerce\packages\woocommerce-blocks\src\BlockTypes\AbstractProductGrid.php(473): WC_Product_Simple->add_to_cart_text()
#4 C:\xampp\htdocs\new-wordpress\wp-content\plugins\woocommerce\packages\woocommerce-blocks\src\BlockTypes\AbstractProductGrid.php(446): Automattic\WooCommerce\Blocks\BlockTypes\AbstractProductGrid->get_add_to_cart(Object(WC_Product_Simple))
#5 C:\xampp\ in C:\xampp\htdocs\new-wordpress\wp-content\themes\storecommerce\inc\woocommerce.php on line 667

2020-04-29T05:47:47+00:00 CRITICAL Uncaught Error: Call to a member function is_type() on null in C:\xampp\htdocs\new-wordpress\wp-content\themes\storecommerce\inc\woocommerce.php:667
Stack trace:
#0 C:\xampp\htdocs\new-wordpress\wp-includes\class-wp-hook.php(287): storecommerce_add_to_cart_text('Add to cart', Object(WC_Product_Simple))
#1 C:\xampp\htdocs\new-wordpress\wp-includes\plugin.php(206): WP_Hook->apply_filters('Add to cart', Array)
#2 C:\xampp\htdocs\new-wordpress\wp-content\plugins\woocommerce\includes\class-wc-product-simple.php(62): apply_filters('woocommerce_pro...', 'Add to cart', Object(WC_Product_Simple))
#3 C:\xampp\htdocs\new-wordpress\wp-content\plugins\woocommerce\packages\woocommerce-blocks\src\BlockTypes\AbstractProductGrid.php(473): WC_Product_Simple->add_to_cart_text()
#4 C:\xampp\htdocs\new-wordpress\wp-content\plugins\woocommerce\packages\woocommerce-blocks\src\BlockTypes\AbstractProductGrid.php(446): Automattic\WooCommerce\Blocks\BlockTypes\AbstractProductGrid->get_add_to_cart(Object(WC_Product_Simple))
#5 C:\xampp\ in C:\xampp\htdocs\new-wordpress\wp-content\themes\storecommerce\inc\woocommerce.php on line 667

2020-04-29T05:47:53+00:00 CRITICAL Uncaught Error: Call to a member function is_type() on null in C:\xampp\htdocs\new-wordpress\wp-content\themes\storecommerce\inc\woocommerce.php:667
Stack trace:
#0 C:\xampp\htdocs\new-wordpress\wp-includes\class-wp-hook.php(287): storecommerce_add_to_cart_text('Add to cart', Object(WC_Product_Simple))
#1 C:\xampp\htdocs\new-wordpress\wp-includes\plugin.php(206): WP_Hook->apply_filters('Add to cart', Array)
#2 C:\xampp\htdocs\new-wordpress\wp-content\plugins\woocommerce\includes\class-wc-product-simple.php(62): apply_filters('woocommerce_pro...', 'Add to cart', Object(WC_Product_Simple))
#3 C:\xampp\htdocs\new-wordpress\wp-content\plugins\woocommerce\packages\woocommerce-blocks\src\BlockTypes\AbstractProductGrid.php(473): WC_Product_Simple->add_to_cart_text()
#4 C:\xampp\htdocs\new-wordpress\wp-content\plugins\woocommerce\packages\woocommerce-blocks\src\BlockTypes\AbstractProductGrid.php(446): Automattic\WooCommerce\Blocks\BlockTypes\AbstractProductGrid->get_add_to_cart(Object(WC_Product_Simple))
#5 C:\xampp\ in C:\xampp\htdocs\new-wordpress\wp-content\themes\storecommerce\inc\woocommerce.php on line 667

